<?xml version="1.0" encoding="UTF-8"?>
<!-- Generated by org.testng.reporters.JUnitReportReporter -->
<testsuite skipped="0" hostname="stacya" name="pageObjects.LandingPage" tests="1" failures="0" timestamp="2021-10-14T14:42:23 CDT" time="6.151" errors="0">
  <testcase name="validLandPage" time="6.151" classname="pageObjects.LandingPage"/>
  <system-out/>
</testsuite> <!-- pageObjects.LandingPage -->
