<?xml version="1.0" encoding="UTF-8"?>
<!-- Generated by org.testng.reporters.JUnitReportReporter -->
<testsuite skipped="0" hostname="stacya" name="Challenge.PureChallenge.ValidateFooterLinks" tests="2" failures="0" timestamp="2021-10-16T20:25:08 CDT" time="1.919" errors="0">
  <testcase name="validateLinks" time="1.906" classname="Challenge.PureChallenge.ValidateFooterLinks"/>
  <system-out/>
  <testcase name="validLandPage" time="0.013" classname="Challenge.PureChallenge.ValidateFooterLinks"/>
  <system-out/>
</testsuite> <!-- Challenge.PureChallenge.ValidateFooterLinks -->
